<?xml version="1.0" encoding="UTF-8"?>
<testng-results skipped="0" failed="0" total="1" passed="1">
  <reporter-output>
  </reporter-output>
  <suite name="Default suite" duration-ms="15202" started-at="2016-04-14T14:16:03Z" finished-at="2016-04-14T14:16:18Z">
    <groups>
    </groups>
    <test name="Default test" duration-ms="15202" started-at="2016-04-14T14:16:03Z" finished-at="2016-04-14T14:16:18Z">
      <class name="com.apipracticeexamples.tests.Fresh">
        <test-method status="PASS" signature="openBrowser()[pri:0, instance:com.apipracticeexamples.tests.Fresh@7a92922]" name="openBrowser" is-config="true" duration-ms="7657" started-at="2016-04-14T19:46:03Z" finished-at="2016-04-14T19:46:11Z">
          <reporter-output>
          </reporter-output>
        </test-method> <!-- openBrowser -->
        <test-method status="PASS" signature="test()[pri:0, instance:com.apipracticeexamples.tests.Fresh@7a92922]" name="test" duration-ms="6464" started-at="2016-04-14T19:46:11Z" finished-at="2016-04-14T19:46:17Z">
          <reporter-output>
          </reporter-output>
        </test-method> <!-- test -->
        <test-method status="PASS" signature="closeBrowser()[pri:0, instance:com.apipracticeexamples.tests.Fresh@7a92922]" name="closeBrowser" is-config="true" duration-ms="1056" started-at="2016-04-14T19:46:17Z" finished-at="2016-04-14T19:46:18Z">
          <reporter-output>
          </reporter-output>
        </test-method> <!-- closeBrowser -->
      </class> <!-- com.apipracticeexamples.tests.Fresh -->
    </test> <!-- Default test -->
  </suite> <!-- Default suite -->
</testng-results>
